<?xml version="1.0" encoding="UTF-8"?>
<!-- Generated by org.testng.reporters.JUnitReportReporter -->
<testsuite hostname="LAPTOP-POCHI3TQ" failures="1" tests="9" name="com.ebay.tests.HomeAndGardenTest" time="20.128" errors="0" timestamp="2023-09-27T18:03:18 IST" skipped="0">
  <testcase classname="com.ebay.tests.HomeAndGardenTest" name="testHomeAndGarden" time="5.289"/>
  <system-out/>
  <testcase classname="com.ebay.tests.HomeAndGardenTest" name="testLampAndFanPage" time="0.044"/>
  <system-out/>
  <testcase classname="com.ebay.tests.HomeAndGardenTest" name="testLightBulb" time="2.930"/>
  <system-out/>
  <testcase classname="com.ebay.tests.HomeAndGardenTest" name="testLightBulbsPage" time="0.062"/>
  <system-out/>
  <testcase classname="com.ebay.tests.HomeAndGardenTest" name="testFeitElectricLightBulb" time="2.498"/>
  <system-out/>
  <testcase classname="com.ebay.tests.HomeAndGardenTest" name="testLEDTubeBulb" time="8.997"/>
  <system-out/>
  <testcase classname="com.ebay.tests.HomeAndGardenTest" name="testFeitElectricLightBulbsPage" time="0.196">
    <failure message="expected [true] but found [false]" type="java.lang.AssertionError">
      <![CDATA[java.lang.AssertionError: expected [true] but found [false]
at org.testng.Assert.fail(Assert.java:110)
at org.testng.Assert.failNotEquals(Assert.java:1577)
at org.testng.Assert.assertTrue(Assert.java:56)
at org.testng.Assert.assertTrue(Assert.java:66)
at com.ebay.tests.HomeAndGardenTest.testFeitElectricLightBulbsPage(HomeAndGardenTest.java:81)
at java.base/jdk.internal.reflect.NativeMethodAccessorImpl.invoke0(Native Method)
at java.base/jdk.internal.reflect.NativeMethodAccessorImpl.invoke(NativeMethodAccessorImpl.java:77)
at java.base/jdk.internal.reflect.DelegatingMethodAccessorImpl.invoke(DelegatingMethodAccessorImpl.java:43)
at java.base/java.lang.reflect.Method.invoke(Method.java:568)
at org.testng.internal.invokers.MethodInvocationHelper.invokeMethod(MethodInvocationHelper.java:139)
at org.testng.internal.invokers.TestInvoker.invokeMethod(TestInvoker.java:677)
at org.testng.internal.invokers.TestInvoker.invokeTestMethod(TestInvoker.java:221)
at org.testng.internal.invokers.MethodRunner.runInSequence(MethodRunner.java:50)
at org.testng.internal.invokers.TestInvoker$MethodInvocationAgent.invoke(TestInvoker.java:969)
at org.testng.internal.invokers.TestInvoker.invokeTestMethods(TestInvoker.java:194)
at org.testng.internal.invokers.TestMethodWorker.invokeTestMethods(TestMethodWorker.java:148)
at org.testng.internal.invokers.TestMethodWorker.run(TestMethodWorker.java:128)
at java.base/java.util.ArrayList.forEach(ArrayList.java:1511)
at org.testng.TestRunner.privateRun(TestRunner.java:829)
at org.testng.TestRunner.run(TestRunner.java:602)
at org.testng.SuiteRunner.runTest(SuiteRunner.java:437)
at org.testng.SuiteRunner.runSequentially(SuiteRunner.java:431)
at org.testng.SuiteRunner.privateRun(SuiteRunner.java:391)
at org.testng.SuiteRunner.run(SuiteRunner.java:330)
at org.testng.SuiteRunnerWorker.runSuite(SuiteRunnerWorker.java:52)
at org.testng.SuiteRunnerWorker.run(SuiteRunnerWorker.java:95)
at org.testng.TestNG.runSuitesSequentially(TestNG.java:1256)
at org.testng.TestNG.runSuitesLocally(TestNG.java:1176)
at org.testng.TestNG.runSuites(TestNG.java:1099)
at org.testng.TestNG.run(TestNG.java:1067)
at org.testng.remote.AbstractRemoteTestNG.run(AbstractRemoteTestNG.java:115)
at org.testng.remote.RemoteTestNG.initAndRun(RemoteTestNG.java:251)
at org.testng.remote.RemoteTestNG.main(RemoteTestNG.java:77)
]]>
    </failure>
  </testcase> <!-- testFeitElectricLightBulbsPage -->
  <system-out/>
  <testcase classname="com.ebay.tests.HomeAndGardenTest" name="testNextButton" time="0.063"/>
  <system-out/>
  <testcase classname="com.ebay.tests.HomeAndGardenTest" name="testBuyItNowButton" time="0.049"/>
  <system-out/>
</testsuite> <!-- com.ebay.tests.HomeAndGardenTest -->
